

2017-07-08 17:03:00  Sentinel started  17:03:00
2017-07-08 17:03:00    its daytime 
2017-07-08 17:03:00      Growbot process 4706 is running, sentinel going to sleep


2017-07-08 17:05:01  Sentinel started  17:05:01
2017-07-08 17:05:01    its daytime 
2017-07-08 17:05:01      No Growbot process, executing
2017-07-08 17:05:02        Process : 


2017-07-08 17:05:43  Sentinel started  17:05:43
2017-07-08 17:05:43    its daytime 
2017-07-08 17:05:43      No Growbot process, executing
2017-07-08 17:05:43        Process : 


2017-07-08 17:06:14  Sentinel started  17:06:14
2017-07-08 17:06:14    its daytime 
2017-07-08 17:06:14      No Growbot process, executing
2017-07-08 17:06:15        Process : 


2017-07-08 17:10:01  Sentinel started  17:10:01
2017-07-08 17:10:01    its daytime 
2017-07-08 17:10:01      Growbot process 5028 is running, sentinel going to sleep


2017-07-08 17:15:01  Sentinel started  17:15:01
2017-07-08 17:15:02    its daytime 
2017-07-08 17:15:02      No Growbot process, executing
2017-07-08 17:15:02        Process : 


2017-07-08 17:20:01  Sentinel started  17:20:01
2017-07-08 17:20:01    its daytime 
2017-07-08 17:20:01      No Growbot process, executing
2017-07-08 17:20:01        Process : 


2017-07-08 17:25:01  Sentinel started  17:25:01
2017-07-08 17:25:01    its daytime 
2017-07-08 17:25:01      No Growbot process, executing
2017-07-08 17:25:02        Process : 


2017-07-08 17:30:01  Sentinel started  17:30:01
2017-07-08 17:30:01    its daytime 
2017-07-08 17:30:01      No Growbot process, executing
2017-07-08 17:30:01        Process : 


2017-07-08 17:35:01  Sentinel started  17:35:01
2017-07-08 17:35:01    its daytime 
2017-07-08 17:35:01      No Growbot process, executing
2017-07-08 17:35:01        Process : 


2017-07-08 17:40:01  Sentinel started  17:40:01
2017-07-08 17:40:01    its daytime 
2017-07-08 17:40:01      No Growbot process, executing
2017-07-08 17:40:01        Process : 


2017-07-08 17:45:01  Sentinel started  17:45:01
2017-07-08 17:45:01    its daytime 
2017-07-08 17:45:01      No Growbot process, executing
2017-07-08 17:45:01        Process : 


2017-07-08 17:50:02  Sentinel started  17:50:02
2017-07-08 17:50:02    its daytime 
2017-07-08 17:50:02      No Growbot process, executing
2017-07-08 17:50:02        Process : 


2017-07-08 17:55:01  Sentinel started  17:55:01
2017-07-08 17:55:01    its daytime 
2017-07-08 17:55:01      No Growbot process, executing
2017-07-08 17:55:01        Process : 


2017-07-08 18:00:01  Sentinel started  18:00:01
2017-07-08 18:00:01    its daytime 
2017-07-08 18:00:01      No Growbot process, executing
2017-07-08 18:00:02        Process : 


2017-07-08 18:05:01  Sentinel started  18:05:01
2017-07-08 18:05:01    its daytime 
2017-07-08 18:05:01      No Growbot process, executing
2017-07-08 18:05:01        Process : 


2017-07-08 18:10:01  Sentinel started  18:10:01
2017-07-08 18:10:01    its daytime 
2017-07-08 18:10:02      No Growbot process, executing
2017-07-08 18:10:02        Process : 


2017-07-08 18:15:01  Sentinel started  18:15:01
2017-07-08 18:15:01    its daytime 
2017-07-08 18:15:01      No Growbot process, executing
2017-07-08 18:15:01        Process : 


2017-07-08 18:20:01  Sentinel started  18:20:01
2017-07-08 18:20:01    its daytime 
2017-07-08 18:20:01      No Growbot process, executing
2017-07-08 18:20:02        Process : 


2017-07-08 18:25:01  Sentinel started  18:25:01
2017-07-08 18:25:01    its daytime 
2017-07-08 18:25:01      No Growbot process, executing
2017-07-08 18:25:01        Process : 


2017-07-08 18:30:01  Sentinel started  18:30:01
2017-07-08 18:30:01    its daytime 
2017-07-08 18:30:01      No Growbot process, executing
2017-07-08 18:30:01        Process : 


2017-07-08 18:35:01  Sentinel started  18:35:01
2017-07-08 18:35:01    its daytime 
2017-07-08 18:35:02      No Growbot process, executing
2017-07-08 18:35:02        Process : 


2017-07-08 18:40:01  Sentinel started  18:40:01
2017-07-08 18:40:01    its daytime 
2017-07-08 18:40:01      No Growbot process, executing
2017-07-08 18:40:01        Process : 


2017-07-08 18:45:01  Sentinel started  18:45:01
2017-07-08 18:45:02    its daytime 
2017-07-08 18:45:02      No Growbot process, executing
2017-07-08 18:45:02        Process : 


2017-07-08 18:50:01  Sentinel started  18:50:01
2017-07-08 18:50:01    its daytime 
2017-07-08 18:50:01      No Growbot process, executing
2017-07-08 18:50:01        Process : 


2017-07-08 18:55:01  Sentinel started  18:55:01
2017-07-08 18:55:01    its daytime 
2017-07-08 18:55:01      No Growbot process, executing
2017-07-08 18:55:01        Process : 


2017-07-08 19:00:01  Sentinel started  19:00:01
2017-07-08 19:00:01    its daytime 
2017-07-08 19:00:01      No Growbot process, executing
2017-07-08 19:00:01        Process : 


2017-07-08 19:05:01  Sentinel started  19:05:01
2017-07-08 19:05:01    its daytime 
2017-07-08 19:05:01      No Growbot process, executing
2017-07-08 19:05:01        Process : 


2017-07-08 19:10:01  Sentinel started  19:10:01
2017-07-08 19:10:01    its daytime 
2017-07-08 19:10:01      No Growbot process, executing
2017-07-08 19:10:01        Process : 


2017-07-08 19:15:01  Sentinel started  19:15:01
2017-07-08 19:15:01    its daytime 
2017-07-08 19:15:01      No Growbot process, executing
2017-07-08 19:15:01        Process : 


2017-07-08 19:20:01  Sentinel started  19:20:01
2017-07-08 19:20:01    its daytime 
2017-07-08 19:20:01      No Growbot process, executing
2017-07-08 19:20:01        Process : 


2017-07-08 19:25:01  Sentinel started  19:25:01
2017-07-08 19:25:01    its daytime 
2017-07-08 19:25:01      No Growbot process, executing
2017-07-08 19:25:01        Process : 


2017-07-08 19:30:01  Sentinel started  19:30:01
2017-07-08 19:30:01    its daytime 
2017-07-08 19:30:01      No Growbot process, executing
2017-07-08 19:30:02        Process : 


2017-07-08 19:35:01  Sentinel started  19:35:01
2017-07-08 19:35:01    its daytime 
2017-07-08 19:35:01      No Growbot process, executing
2017-07-08 19:35:01        Process : 


2017-07-08 19:40:01  Sentinel started  19:40:01
2017-07-08 19:40:02    its daytime 
2017-07-08 19:40:02      No Growbot process, executing
2017-07-08 19:40:02        Process : 


2017-07-08 19:45:01  Sentinel started  19:45:01
2017-07-08 19:45:01    its daytime 
2017-07-08 19:45:01      No Growbot process, executing
2017-07-08 19:45:01        Process : 


2017-07-08 19:50:01  Sentinel started  19:50:01
2017-07-08 19:50:01    its daytime 
2017-07-08 19:50:01      No Growbot process, executing
2017-07-08 19:50:01        Process : 


2017-07-08 19:55:02  Sentinel started  19:55:02
2017-07-08 19:55:02    its daytime 
2017-07-08 19:55:02      No Growbot process, executing
2017-07-08 19:55:02        Process : 


2017-07-08 20:00:01  Sentinel started  20:00:01
2017-07-08 20:00:01    its nightime 


2017-07-08 20:05:01  Sentinel started  20:05:01
2017-07-08 20:05:01    its nightime 


2017-07-08 20:10:01  Sentinel started  20:10:01
2017-07-08 20:10:01    its nightime 


2017-07-08 20:15:01  Sentinel started  20:15:01
2017-07-08 20:15:01    its nightime 


2017-07-08 20:20:01  Sentinel started  20:20:01
2017-07-08 20:20:01    its nightime 


2017-07-08 20:25:01  Sentinel started  20:25:01
2017-07-08 20:25:01    its nightime 


2017-07-08 20:30:01  Sentinel started  20:30:01
2017-07-08 20:30:01    its nightime 


2017-07-08 20:35:01  Sentinel started  20:35:01
2017-07-08 20:35:02    its nightime 


2017-07-08 20:40:01  Sentinel started  20:40:01
2017-07-08 20:40:01    its nightime 


2017-07-08 20:45:01  Sentinel started  20:45:01
2017-07-08 20:45:01    its nightime 


2017-07-08 20:50:01  Sentinel started  20:50:01
2017-07-08 20:50:01    its nightime 


2017-07-08 20:55:01  Sentinel started  20:55:01
2017-07-08 20:55:01    its nightime 


2017-07-08 21:00:01  Sentinel started  21:00:01
2017-07-08 21:00:01    its nightime 


2017-07-08 21:05:01  Sentinel started  21:05:01
2017-07-08 21:05:01    its nightime 


2017-07-08 21:10:01  Sentinel started  21:10:01
2017-07-08 21:10:01    its nightime 


2017-07-08 21:15:01  Sentinel started  21:15:01
2017-07-08 21:15:01    its nightime 


2017-07-08 21:20:01  Sentinel started  21:20:01
2017-07-08 21:20:01    its nightime 


2017-07-08 21:25:01  Sentinel started  21:25:01
2017-07-08 21:25:01    its nightime 


2017-07-08 21:30:01  Sentinel started  21:30:01
2017-07-08 21:30:01    its nightime 


2017-07-08 21:35:01  Sentinel started  21:35:01
2017-07-08 21:35:01    its nightime 


2017-07-08 21:40:01  Sentinel started  21:40:01
2017-07-08 21:40:01    its nightime 


2017-07-08 21:45:01  Sentinel started  21:45:01
2017-07-08 21:45:01    its nightime 


2017-07-08 21:50:01  Sentinel started  21:50:01
2017-07-08 21:50:01    its nightime 


2017-07-08 21:55:01  Sentinel started  21:55:01
2017-07-08 21:55:01    its nightime 


2017-07-08 22:00:01  Sentinel started  22:00:01
2017-07-08 22:00:01    its nightime 


2017-07-08 22:05:01  Sentinel started  22:05:01
2017-07-08 22:05:01    its nightime 


2017-07-08 22:10:01  Sentinel started  22:10:01
2017-07-08 22:10:01    its nightime 


2017-07-08 22:15:01  Sentinel started  22:15:01
2017-07-08 22:15:01    its nightime 


2017-07-08 22:20:01  Sentinel started  22:20:01
2017-07-08 22:20:01    its nightime 


2017-07-08 22:25:01  Sentinel started  22:25:01
2017-07-08 22:25:02    its nightime 


2017-07-08 22:30:01  Sentinel started  22:30:01
2017-07-08 22:30:01    its nightime 


2017-07-08 22:35:01  Sentinel started  22:35:01
2017-07-08 22:35:01    its nightime 


2017-07-08 22:40:01  Sentinel started  22:40:01
2017-07-08 22:40:01    its nightime 


2017-07-08 22:45:01  Sentinel started  22:45:01
2017-07-08 22:45:02    its nightime 


2017-07-08 22:50:01  Sentinel started  22:50:01
2017-07-08 22:50:01    its nightime 


2017-07-08 22:55:01  Sentinel started  22:55:01
2017-07-08 22:55:01    its nightime 


2017-07-08 23:00:01  Sentinel started  23:00:01
2017-07-08 23:00:01    its nightime 


2017-07-08 23:05:01  Sentinel started  23:05:01
2017-07-08 23:05:01    its nightime 


2017-07-08 23:10:01  Sentinel started  23:10:01
2017-07-08 23:10:01    its nightime 


2017-07-08 23:15:01  Sentinel started  23:15:01
2017-07-08 23:15:01    its nightime 


2017-07-08 23:20:01  Sentinel started  23:20:01
2017-07-08 23:20:01    its nightime 


2017-07-08 23:25:01  Sentinel started  23:25:01
2017-07-08 23:25:01    its nightime 


2017-07-08 23:30:01  Sentinel started  23:30:01
2017-07-08 23:30:01    its nightime 


2017-07-08 23:35:01  Sentinel started  23:35:01
2017-07-08 23:35:02    its nightime 


2017-07-08 23:40:01  Sentinel started  23:40:01
2017-07-08 23:40:01    its nightime 


2017-07-08 23:45:01  Sentinel started  23:45:01
2017-07-08 23:45:01    its nightime 


2017-07-08 23:50:01  Sentinel started  23:50:01
2017-07-08 23:50:01    its nightime 


2017-07-08 23:55:01  Sentinel started  23:55:01
2017-07-08 23:55:02    its nightime 


2017-07-09 00:00:01  Sentinel started  00:00:01
2017-07-09 00:00:01    its nightime 


2017-07-09 00:05:01  Sentinel started  00:05:01
2017-07-09 00:05:01    its nightime 


2017-07-09 00:10:01  Sentinel started  00:10:01
2017-07-09 00:10:01    its nightime 


2017-07-09 00:15:01  Sentinel started  00:15:01
2017-07-09 00:15:01    its nightime 


2017-07-09 00:20:01  Sentinel started  00:20:01
2017-07-09 00:20:01    its nightime 


2017-07-09 00:25:01  Sentinel started  00:25:01
2017-07-09 00:25:01    its nightime 


2017-07-09 00:30:01  Sentinel started  00:30:01
2017-07-09 00:30:01    its nightime 


2017-07-09 00:35:01  Sentinel started  00:35:01
2017-07-09 00:35:01    its nightime 


2017-07-09 00:40:01  Sentinel started  00:40:01
2017-07-09 00:40:01    its nightime 


2017-07-09 00:45:01  Sentinel started  00:45:01
2017-07-09 00:45:01    its nightime 


2017-07-09 00:50:01  Sentinel started  00:50:01
2017-07-09 00:50:01    its nightime 


2017-07-09 00:55:01  Sentinel started  00:55:01
2017-07-09 00:55:01    its nightime 


2017-07-09 01:00:01  Sentinel started  01:00:01
2017-07-09 01:00:01    its nightime 


2017-07-09 01:05:01  Sentinel started  01:05:01
2017-07-09 01:05:01    its nightime 


2017-07-09 01:10:01  Sentinel started  01:10:01
2017-07-09 01:10:01    its nightime 


2017-07-09 01:15:01  Sentinel started  01:15:01
2017-07-09 01:15:01    its nightime 


2017-07-09 01:20:01  Sentinel started  01:20:01
2017-07-09 01:20:01    its nightime 


2017-07-09 01:25:01  Sentinel started  01:25:01
2017-07-09 01:25:01    its nightime 


2017-07-09 01:30:02  Sentinel started  01:30:02
2017-07-09 01:30:02    its nightime 


2017-07-09 01:35:01  Sentinel started  01:35:01
2017-07-09 01:35:01    its nightime 


2017-07-09 01:40:01  Sentinel started  01:40:01
2017-07-09 01:40:01    its nightime 


2017-07-09 01:45:01  Sentinel started  01:45:01
2017-07-09 01:45:01    its nightime 


2017-07-09 01:50:01  Sentinel started  01:50:01
2017-07-09 01:50:02    its nightime 


2017-07-09 01:55:01  Sentinel started  01:55:01
2017-07-09 01:55:01    its nightime 


2017-07-09 02:00:01  Sentinel started  02:00:01
2017-07-09 02:00:01    its nightime 


2017-07-09 02:05:01  Sentinel started  02:05:01
2017-07-09 02:05:01    its nightime 


2017-07-09 02:10:01  Sentinel started  02:10:01
2017-07-09 02:10:02    its nightime 


2017-07-09 02:15:01  Sentinel started  02:15:01
2017-07-09 02:15:01    its nightime 


2017-07-09 02:20:01  Sentinel started  02:20:01
2017-07-09 02:20:01    its nightime 


2017-07-09 02:25:01  Sentinel started  02:25:01
2017-07-09 02:25:01    its nightime 


2017-07-09 02:30:01  Sentinel started  02:30:01
2017-07-09 02:30:01    its nightime 


2017-07-09 02:35:01  Sentinel started  02:35:01
2017-07-09 02:35:01    its nightime 


2017-07-09 02:40:01  Sentinel started  02:40:01
2017-07-09 02:40:01    its nightime 


2017-07-09 02:45:01  Sentinel started  02:45:01
2017-07-09 02:45:01    its nightime 


2017-07-09 02:50:01  Sentinel started  02:50:01
2017-07-09 02:50:01    its nightime 


2017-07-09 02:55:01  Sentinel started  02:55:01
2017-07-09 02:55:01    its nightime 


2017-07-09 03:00:01  Sentinel started  03:00:01
2017-07-09 03:00:01    its nightime 


2017-07-09 03:05:02  Sentinel started  03:05:02
2017-07-09 03:05:02    its nightime 


2017-07-09 03:10:01  Sentinel started  03:10:01
2017-07-09 03:10:01    its nightime 


2017-07-09 03:15:01  Sentinel started  03:15:01
2017-07-09 03:15:01    its nightime 


2017-07-09 03:20:01  Sentinel started  03:20:01
2017-07-09 03:20:01    its nightime 


2017-07-09 03:25:02  Sentinel started  03:25:02
2017-07-09 03:25:02    its nightime 


2017-07-09 03:30:01  Sentinel started  03:30:01
2017-07-09 03:30:01    its nightime 


2017-07-09 03:35:01  Sentinel started  03:35:01
2017-07-09 03:35:01    its nightime 


2017-07-09 03:40:01  Sentinel started  03:40:01
2017-07-09 03:40:01    its nightime 


2017-07-09 03:45:02  Sentinel started  03:45:01
2017-07-09 03:45:02    its nightime 


2017-07-09 03:50:01  Sentinel started  03:50:01
2017-07-09 03:50:01    its nightime 


2017-07-09 03:55:01  Sentinel started  03:55:01
2017-07-09 03:55:01    its nightime 


2017-07-09 04:00:01  Sentinel started  04:00:01
2017-07-09 04:00:01    its nightime 


2017-07-09 04:05:01  Sentinel started  04:05:01
2017-07-09 04:05:01    its nightime 


2017-07-09 04:10:01  Sentinel started  04:10:01
2017-07-09 04:10:01    its nightime 


2017-07-09 04:15:01  Sentinel started  04:15:01
2017-07-09 04:15:01    its nightime 


2017-07-09 04:20:01  Sentinel started  04:20:01
2017-07-09 04:20:01    its nightime 


2017-07-09 04:25:01  Sentinel started  04:25:01
2017-07-09 04:25:01    its nightime 


2017-07-09 04:30:01  Sentinel started  04:30:01
2017-07-09 04:30:01    its nightime 


2017-07-09 04:35:01  Sentinel started  04:35:01
2017-07-09 04:35:02    its nightime 


2017-07-09 04:40:01  Sentinel started  04:40:01
2017-07-09 04:40:01    its nightime 


2017-07-09 04:45:01  Sentinel started  04:45:01
2017-07-09 04:45:01    its nightime 


2017-07-09 04:50:01  Sentinel started  04:50:01
2017-07-09 04:50:01    its nightime 


2017-07-09 04:55:01  Sentinel started  04:55:01
2017-07-09 04:55:01    its nightime 


2017-07-09 05:00:02  Sentinel started  05:00:02
2017-07-09 05:00:02    its nightime 


2017-07-09 05:05:01  Sentinel started  05:05:01
2017-07-09 05:05:01    its nightime 


2017-07-09 05:10:01  Sentinel started  05:10:01
2017-07-09 05:10:01    its nightime 


2017-07-09 05:15:01  Sentinel started  05:15:01
2017-07-09 05:15:01    its nightime 


2017-07-09 05:20:01  Sentinel started  05:20:01
2017-07-09 05:20:01    its nightime 


2017-07-09 05:25:01  Sentinel started  05:25:01
2017-07-09 05:25:01    its nightime 


2017-07-09 05:30:01  Sentinel started  05:30:01
2017-07-09 05:30:01    its nightime 


2017-07-09 05:35:01  Sentinel started  05:35:01
2017-07-09 05:35:01    its nightime 


2017-07-09 05:40:01  Sentinel started  05:40:01
2017-07-09 05:40:01    its nightime 


2017-07-09 05:45:01  Sentinel started  05:45:01
2017-07-09 05:45:01    its nightime 


2017-07-09 05:50:01  Sentinel started  05:50:01
2017-07-09 05:50:01    its nightime 


2017-07-09 05:55:01  Sentinel started  05:55:01
2017-07-09 05:55:01    its nightime 


2017-07-09 06:00:01  Sentinel started  06:00:01
2017-07-09 06:00:01    its nightime 


2017-07-09 06:05:01  Sentinel started  06:05:01
2017-07-09 06:05:01    its nightime 


2017-07-09 06:10:01  Sentinel started  06:10:01
2017-07-09 06:10:01    its nightime 


2017-07-09 06:15:01  Sentinel started  06:15:01
2017-07-09 06:15:01    its nightime 


2017-07-09 06:20:01  Sentinel started  06:20:01
2017-07-09 06:20:01    its nightime 


2017-07-09 06:25:01  Sentinel started  06:25:01
2017-07-09 06:25:01    its nightime 


2017-07-09 06:30:02  Sentinel started  06:30:02
2017-07-09 06:30:02    its nightime 


2017-07-09 06:35:01  Sentinel started  06:35:01
2017-07-09 06:35:01    its nightime 


2017-07-09 06:40:01  Sentinel started  06:40:01
2017-07-09 06:40:01    its nightime 


2017-07-09 06:45:01  Sentinel started  06:45:01
2017-07-09 06:45:01    its nightime 


2017-07-09 06:50:01  Sentinel started  06:50:01
2017-07-09 06:50:01    its nightime 


2017-07-09 06:55:01  Sentinel started  06:55:01
2017-07-09 06:55:01    its nightime 


2017-07-09 07:00:01  Sentinel started  07:00:01
2017-07-09 07:00:01    its nightime 


2017-07-09 07:05:01  Sentinel started  07:05:01
2017-07-09 07:05:01    its nightime 


2017-07-09 07:10:01  Sentinel started  07:10:01
2017-07-09 07:10:01    its nightime 


2017-07-09 07:15:01  Sentinel started  07:15:01
2017-07-09 07:15:01    its nightime 


2017-07-09 07:20:01  Sentinel started  07:20:01
2017-07-09 07:20:02    its nightime 


2017-07-09 07:25:01  Sentinel started  07:25:01
2017-07-09 07:25:01    its nightime 


2017-07-09 07:30:01  Sentinel started  07:30:01
2017-07-09 07:30:01    its nightime 


2017-07-09 07:35:01  Sentinel started  07:35:01
2017-07-09 07:35:01    its nightime 


2017-07-09 07:40:01  Sentinel started  07:40:01
2017-07-09 07:40:01    its nightime 


2017-07-09 07:45:02  Sentinel started  07:45:02
2017-07-09 07:45:02    its nightime 


2017-07-09 07:50:01  Sentinel started  07:50:01
2017-07-09 07:50:01    its nightime 


2017-07-09 07:55:01  Sentinel started  07:55:01
2017-07-09 07:55:01    its nightime 


2017-07-09 08:00:01  Sentinel started  08:00:01
2017-07-09 08:00:01    its daytime 
2017-07-09 08:00:01      No Growbot process, executing
2017-07-09 08:00:01        Process : 


2017-07-09 08:05:01  Sentinel started  08:05:01
2017-07-09 08:05:01    its daytime 
2017-07-09 08:05:01      No Growbot process, executing
2017-07-09 08:05:02        Process : 


2017-07-09 08:10:01  Sentinel started  08:10:01
2017-07-09 08:10:01    its daytime 
2017-07-09 08:10:01      No Growbot process, executing
2017-07-09 08:10:01        Process : 


2017-07-09 08:15:01  Sentinel started  08:15:01
2017-07-09 08:15:01    its daytime 
2017-07-09 08:15:02      No Growbot process, executing
2017-07-09 08:15:02        Process : 


2017-07-09 08:20:01  Sentinel started  08:20:01
2017-07-09 08:20:01    its daytime 
2017-07-09 08:20:01      No Growbot process, executing
2017-07-09 08:20:01        Process : 


2017-07-09 08:25:01  Sentinel started  08:25:01
2017-07-09 08:25:01    its daytime 
2017-07-09 08:25:01      No Growbot process, executing
2017-07-09 08:25:01        Process : 


2017-07-09 08:30:01  Sentinel started  08:30:01
2017-07-09 08:30:01    its daytime 
2017-07-09 08:30:01      No Growbot process, executing
2017-07-09 08:30:01        Process : 


2017-07-09 08:35:01  Sentinel started  08:35:01
2017-07-09 08:35:01    its daytime 
2017-07-09 08:35:01      No Growbot process, executing
2017-07-09 08:35:01        Process : 


2017-07-09 08:40:01  Sentinel started  08:40:01
2017-07-09 08:40:01    its daytime 
2017-07-09 08:40:01      No Growbot process, executing
2017-07-09 08:40:01        Process : 


2017-07-09 08:45:01  Sentinel started  08:45:01
2017-07-09 08:45:01    its daytime 
2017-07-09 08:45:01      No Growbot process, executing
2017-07-09 08:45:01        Process : 


2017-07-09 08:50:01  Sentinel started  08:50:01
2017-07-09 08:50:01    its daytime 
2017-07-09 08:50:02      No Growbot process, executing
2017-07-09 08:50:02        Process : 


2017-07-09 08:55:01  Sentinel started  08:55:01
2017-07-09 08:55:01    its daytime 
2017-07-09 08:55:01      No Growbot process, executing
2017-07-09 08:55:01        Process : 


2017-07-09 09:00:01  Sentinel started  09:00:01
2017-07-09 09:00:01    its daytime 
2017-07-09 09:00:01      No Growbot process, executing
2017-07-09 09:00:01        Process : 


2017-07-09 09:05:02  Sentinel started  09:05:02
2017-07-09 09:05:02    its daytime 
2017-07-09 09:05:02      No Growbot process, executing
2017-07-09 09:05:02        Process : 


2017-07-09 09:10:01  Sentinel started  09:10:01
2017-07-09 09:10:01    its daytime 
2017-07-09 09:10:01      No Growbot process, executing
2017-07-09 09:10:02        Process : 


2017-07-09 09:15:01  Sentinel started  09:15:01
2017-07-09 09:15:01    its daytime 
2017-07-09 09:15:01      No Growbot process, executing
2017-07-09 09:15:01        Process : 


2017-07-09 09:20:01  Sentinel started  09:20:01
2017-07-09 09:20:01    its daytime 
2017-07-09 09:20:01      No Growbot process, executing
2017-07-09 09:20:01        Process : 


2017-07-09 09:25:01  Sentinel started  09:25:01
2017-07-09 09:25:02    its daytime 
2017-07-09 09:25:02      No Growbot process, executing
2017-07-09 09:25:02        Process : 


2017-07-09 09:30:01  Sentinel started  09:30:01
2017-07-09 09:30:01    its daytime 
2017-07-09 09:30:01      No Growbot process, executing
2017-07-09 09:30:01        Process : 


2017-07-09 09:35:01  Sentinel started  09:35:01
2017-07-09 09:35:01    its daytime 
2017-07-09 09:35:01      No Growbot process, executing
2017-07-09 09:35:01        Process : 


2017-07-09 09:40:01  Sentinel started  09:40:01
2017-07-09 09:40:01    its daytime 
2017-07-09 09:40:01      No Growbot process, executing
2017-07-09 09:40:01        Process : 


2017-07-09 09:45:01  Sentinel started  09:45:01
2017-07-09 09:45:01    its daytime 
2017-07-09 09:45:01      No Growbot process, executing
2017-07-09 09:45:02        Process : 


2017-07-09 09:50:01  Sentinel started  09:50:01
2017-07-09 09:50:01    its daytime 
2017-07-09 09:50:01      No Growbot process, executing
2017-07-09 09:50:01        Process : 


2017-07-09 09:55:01  Sentinel started  09:55:01
2017-07-09 09:55:01    its daytime 
2017-07-09 09:55:01      No Growbot process, executing
2017-07-09 09:55:01        Process : 


2017-07-09 10:00:01  Sentinel started  10:00:01
2017-07-09 10:00:02    its daytime 
2017-07-09 10:00:02      No Growbot process, executing
2017-07-09 10:00:02        Process : 


2017-07-09 10:05:01  Sentinel started  10:05:01
2017-07-09 10:05:01    its daytime 
2017-07-09 10:05:01      No Growbot process, executing
2017-07-09 10:05:01        Process : 


2017-07-09 10:10:01  Sentinel started  10:10:01
2017-07-09 10:10:01    its daytime 
2017-07-09 10:10:01      No Growbot process, executing
2017-07-09 10:10:01        Process : 


2017-07-09 10:15:01  Sentinel started  10:15:01
2017-07-09 10:15:01    its daytime 
2017-07-09 10:15:01      No Growbot process, executing
2017-07-09 10:15:01        Process : 


2017-07-09 10:20:01  Sentinel started  10:20:01
2017-07-09 10:20:01    its daytime 
2017-07-09 10:20:02      No Growbot process, executing
2017-07-09 10:20:02        Process : 


2017-07-09 10:25:01  Sentinel started  10:25:01
2017-07-09 10:25:01    its daytime 
2017-07-09 10:25:01      No Growbot process, executing
2017-07-09 10:25:01        Process : 


2017-07-09 10:30:01  Sentinel started  10:30:01
2017-07-09 10:30:01    its daytime 
2017-07-09 10:30:01      No Growbot process, executing
2017-07-09 10:30:01        Process : 


2017-07-09 10:35:02  Sentinel started  10:35:01
2017-07-09 10:35:02    its daytime 
2017-07-09 10:35:02      No Growbot process, executing
2017-07-09 10:35:02        Process : 


2017-07-09 10:40:01  Sentinel started  10:40:01
2017-07-09 10:40:01    its daytime 
2017-07-09 10:40:01      No Growbot process, executing
2017-07-09 10:40:02        Process : 


2017-07-09 10:45:01  Sentinel started  10:45:01
2017-07-09 10:45:01    its daytime 
2017-07-09 10:45:01      No Growbot process, executing
2017-07-09 10:45:01        Process : 


2017-07-09 10:50:01  Sentinel started  10:50:01
2017-07-09 10:50:01    its daytime 
2017-07-09 10:50:01      No Growbot process, executing
2017-07-09 10:50:01        Process : 


2017-07-09 10:55:01  Sentinel started  10:55:01
2017-07-09 10:55:01    its daytime 
2017-07-09 10:55:02      No Growbot process, executing
2017-07-09 10:55:02        Process : 


2017-07-09 11:00:01  Sentinel started  11:00:01
2017-07-09 11:00:01    its daytime 
2017-07-09 11:00:01      No Growbot process, executing
2017-07-09 11:00:01        Process : 


2017-07-09 11:05:01  Sentinel started  11:05:01
2017-07-09 11:05:01    its daytime 
2017-07-09 11:05:01      No Growbot process, executing
2017-07-09 11:05:01        Process : 


2017-07-09 11:10:01  Sentinel started  11:10:01
2017-07-09 11:10:01    its daytime 
2017-07-09 11:10:01      No Growbot process, executing
2017-07-09 11:10:01        Process : 


2017-07-09 11:15:01  Sentinel started  11:15:01
2017-07-09 11:15:01    its daytime 
2017-07-09 11:15:01      Growbot process 13212 is running, sentinel going to sleep


2017-07-09 11:20:01  Sentinel started  11:20:01
2017-07-09 11:20:01    its daytime 
2017-07-09 11:20:01      Growbot process 13253 is running, sentinel going to sleep


2017-07-09 11:25:01  Sentinel started  11:25:01
2017-07-09 11:25:01    its daytime 
2017-07-09 11:25:01      No Growbot process, executing
2017-07-09 11:25:01        Process : 


2017-07-09 11:30:01  Sentinel started  11:30:01
2017-07-09 11:30:01    its daytime 
2017-07-09 11:30:02      No Growbot process, executing
2017-07-09 11:30:02        Process : 


2017-07-09 11:35:01  Sentinel started  11:35:01
2017-07-09 11:35:01    its daytime 
2017-07-09 11:35:01      No Growbot process, executing
2017-07-09 11:35:01        Process : 


2017-07-09 11:40:01  Sentinel started  11:40:01
2017-07-09 11:40:02    its daytime 
2017-07-09 11:40:02      Growbot process 13540 is running, sentinel going to sleep


2017-07-09 11:45:01  Sentinel started  11:45:01
2017-07-09 11:45:01    its daytime 
2017-07-09 11:45:01      No Growbot process, executing
2017-07-09 11:45:01        Process : 


2017-07-09 11:50:01  Sentinel started  11:50:01
2017-07-09 11:50:01    its daytime 
2017-07-09 11:50:01      No Growbot process, executing
2017-07-09 11:50:01        Process : 


2017-07-09 11:55:01  Sentinel started  11:55:01
2017-07-09 11:55:01    its daytime 
2017-07-09 11:55:01      No Growbot process, executing
2017-07-09 11:55:01        Process : 


2017-07-09 11:59:59  Sentinel started  11:59:59
2017-07-09 12:00:00    its daytime 
2017-07-09 12:00:00      No Growbot process, executing
2017-07-09 12:00:00        Process : 


2017-07-09 12:00:00  Sentinel started  12:00:00
2017-07-09 12:00:00    its daytime 
2017-07-09 12:00:01      No Growbot process, executing
2017-07-09 12:00:01        Process : 


2017-07-09 12:05:01  Sentinel started  12:05:01
2017-07-09 12:05:01    its daytime 
2017-07-09 12:05:01      No Growbot process, executing
2017-07-09 12:05:01        Process : 


2017-07-09 12:10:01  Sentinel started  12:10:01
2017-07-09 12:10:01    its daytime 
2017-07-09 12:10:01      No Growbot process, executing
2017-07-09 12:10:01        Process : 


2017-07-09 11:59:58  Sentinel started  11:59:58
2017-07-09 11:59:58    its daytime 
2017-07-09 11:59:59      No Growbot process, executing
2017-07-09 11:59:59        Process : 


2017-07-09 12:00:01  Sentinel started  12:00:01
2017-07-09 12:00:01    its daytime 
2017-07-09 12:00:01      No Growbot process, executing
2017-07-09 12:00:01        Process : 


2017-07-09 12:15:01  Sentinel started  12:15:01
2017-07-09 12:15:01    its daytime 
2017-07-09 12:15:01      No Growbot process, executing
2017-07-09 12:15:02        Process : 


2017-07-09 12:17:04  Sentinel started  12:17:04
2017-07-09 12:17:04    its daytime 
2017-07-09 12:17:05      No Growbot process, executing
2017-07-09 12:17:05        Process : 


2017-07-09 12:21:00  Sentinel started  12:21:00
2017-07-09 12:21:01    its daytime 
2017-07-09 12:21:01      No Growbot process, executing
2017-07-09 12:21:01        Process : 


2017-07-09 12:25:01  Sentinel started  12:25:01
2017-07-09 12:25:01    its daytime 
2017-07-09 12:25:01      No Growbot process, executing
2017-07-09 12:25:01        Process : 


2017-07-09 12:30:01  Sentinel started  12:30:01
2017-07-09 12:30:01    its daytime 
2017-07-09 12:30:01      No Growbot process, executing
2017-07-09 12:30:01        Process : 


2017-07-09 12:35:02  Sentinel started  12:35:02
2017-07-09 12:35:02    its daytime 
2017-07-09 12:35:02      No Growbot process, executing
2017-07-09 12:35:02        Process : 


2017-07-09 12:40:02  Sentinel started  12:40:02
2017-07-09 12:40:02    its daytime 
2017-07-09 12:40:02      No Growbot process, executing
2017-07-09 12:40:02        Process : 


2017-07-09 12:45:01  Sentinel started  12:45:01
2017-07-09 12:45:01    its daytime 
2017-07-09 12:45:01      No Growbot process, executing
2017-07-09 12:45:01        Process : 


2017-07-09 12:50:01  Sentinel started  12:50:01
2017-07-09 12:50:01    its daytime 
2017-07-09 12:50:01      No Growbot process, executing
2017-07-09 12:50:02        Process : 


2017-07-09 12:55:01  Sentinel started  12:55:01
2017-07-09 12:55:01    its daytime 
2017-07-09 12:55:01      No Growbot process, executing
2017-07-09 12:55:01        Process : 


2017-07-09 13:00:01  Sentinel started  13:00:01
2017-07-09 13:00:01    its daytime 
2017-07-09 13:00:01      No Growbot process, executing
2017-07-09 13:00:01        Process : 


2017-07-09 13:05:01  Sentinel started  13:05:01
2017-07-09 13:05:01    its daytime 
2017-07-09 13:05:01      No Growbot process, executing
2017-07-09 13:05:02        Process : 


2017-07-09 13:10:01  Sentinel started  13:10:01
2017-07-09 13:10:01    its daytime 
2017-07-09 13:10:01      No Growbot process, executing
2017-07-09 13:10:01        Process : 


2017-07-09 13:15:01  Sentinel started  13:15:01
2017-07-09 13:15:02    its daytime 
2017-07-09 13:15:02      No Growbot process, executing
2017-07-09 13:15:02        Process : 


2017-07-09 13:20:01  Sentinel started  13:20:01
2017-07-09 13:20:01    its daytime 
2017-07-09 13:20:01      No Growbot process, executing
2017-07-09 13:20:01        Process : 


2017-07-09 13:25:01  Sentinel started  13:25:01
2017-07-09 13:25:01    its daytime 
2017-07-09 13:25:01      No Growbot process, executing
2017-07-09 13:25:02        Process : 


2017-07-09 13:17:05  Sentinel started  13:17:05
2017-07-09 13:17:05    its daytime 
2017-07-09 13:17:05      No Growbot process, executing
2017-07-09 13:17:06        Process : 


2017-07-09 13:40:01  Sentinel started  13:40:01
2017-07-09 13:40:01    its daytime 
2017-07-09 13:40:01      No Growbot process, executing
2017-07-09 13:40:02        Process : 


2017-07-09 13:17:05  Sentinel started  13:17:05
2017-07-09 13:17:05    its daytime 
2017-07-09 13:17:05      No Growbot process, executing
2017-07-09 13:17:05        Process : 


2017-07-09 13:45:02  Sentinel started  13:45:02
2017-07-09 13:45:02    its daytime 
2017-07-09 13:45:02      No Growbot process, executing
2017-07-09 13:45:02        Process : 


2017-07-09 13:50:01  Sentinel started  13:50:01
2017-07-09 13:50:01    its daytime 
2017-07-09 13:50:01      No Growbot process, executing
2017-07-09 13:50:01        Process : 


2017-07-09 13:55:01  Sentinel started  13:55:01
2017-07-09 13:55:01    its daytime 
2017-07-09 13:55:01      No Growbot process, executing
2017-07-09 13:55:02        Process : 


2017-07-09 13:17:06  Sentinel started  13:17:06
2017-07-09 13:17:06    its daytime 
2017-07-09 13:17:06      No Growbot process, executing
2017-07-09 13:17:06        Process : 


2017-07-09 14:05:01  Sentinel started  14:05:01
2017-07-09 14:05:01    its daytime 
2017-07-09 14:05:01      No Growbot process, executing
2017-07-09 14:05:01        Process : 


2017-07-09 14:10:01  Sentinel started  14:10:01
2017-07-09 14:10:01    its daytime 
2017-07-09 14:10:01      No Growbot process, executing
2017-07-09 14:10:01        Process : 


2017-07-09 13:17:06  Sentinel started  13:17:06
2017-07-09 13:17:06    its daytime 
2017-07-09 13:17:06      No Growbot process, executing
2017-07-09 13:17:06        Process : 


2017-07-09 14:30:29  Sentinel started  14:30:29
2017-07-09 14:30:29    its daytime 
2017-07-09 14:30:29      No Growbot process, executing
2017-07-09 14:30:29        Process : 


2017-07-09 14:35:01  Sentinel started  14:35:01
2017-07-09 14:35:01    its daytime 
2017-07-09 14:35:01      No Growbot process, executing
2017-07-09 14:35:01        Process : 


2017-07-09 14:40:01  Sentinel started  14:40:01
2017-07-09 14:40:01    its daytime 
2017-07-09 14:40:01      No Growbot process, executing
2017-07-09 14:40:01        Process : 


2017-07-09 14:45:01  Sentinel started  14:45:01
2017-07-09 14:45:01    its daytime 
2017-07-09 14:45:01      No Growbot process, executing
2017-07-09 14:45:01        Process : 


2017-07-09 14:50:01  Sentinel started  14:50:01
2017-07-09 14:50:01    its daytime 
2017-07-09 14:50:01      No Growbot process, executing
2017-07-09 14:50:01        Process : 


2017-07-09 14:55:01  Sentinel started  14:55:01
2017-07-09 14:55:01    its daytime 
2017-07-09 14:55:01      No Growbot process, executing
2017-07-09 14:55:02        Process : 


2017-07-09 15:00:01  Sentinel started  15:00:01
2017-07-09 15:00:01    its daytime 
2017-07-09 15:00:01      No Growbot process, executing
2017-07-09 15:00:01        Process : 


2017-07-09 13:17:05  Sentinel started  13:17:05
2017-07-09 13:17:05    its daytime 
2017-07-09 13:17:05      No Growbot process, executing
2017-07-09 13:17:06        Process : 


2017-07-09 17:20:01  Sentinel started  17:20:01
2017-07-09 17:20:01    its daytime 
2017-07-09 17:20:01      No Growbot process, executing
2017-07-09 17:20:01        Process : 


2017-07-09 17:25:01  Sentinel started  17:25:01
2017-07-09 17:25:01    its daytime 
2017-07-09 17:25:01      No Growbot process, executing
2017-07-09 17:25:01        Process : 


2017-07-09 13:17:04  Sentinel started  13:17:04
2017-07-09 13:17:04    its daytime 
2017-07-09 13:17:04      No Growbot process, executing
2017-07-09 13:17:05        Process : 


2017-07-09 13:17:06  Sentinel started  13:17:06
2017-07-09 13:17:06    its daytime 
2017-07-09 13:17:06      No Growbot process, executing
2017-07-09 13:17:06        Process : 


2017-07-09 18:20:01  Sentinel started  18:20:01
2017-07-09 18:20:01    its daytime 
2017-07-09 18:20:01      No Growbot process, executing
2017-07-09 18:20:01        Process : 


2017-07-09 18:25:01  Sentinel started  18:25:01
2017-07-09 18:25:01    its daytime 
2017-07-09 18:25:01      No Growbot process, executing
2017-07-09 18:25:01        Process : 


2017-07-09 18:30:01  Sentinel started  18:30:01
2017-07-09 18:30:01    its daytime 
2017-07-09 18:30:01      No Growbot process, executing
2017-07-09 18:30:02        Process : 


2017-07-09 18:35:01  Sentinel started  18:35:01
2017-07-09 18:35:01    its daytime 
2017-07-09 18:35:01      No Growbot process, executing
2017-07-09 18:35:01        Process : 


2017-07-09 18:40:01  Sentinel started  18:40:01
2017-07-09 18:40:01    its daytime 
2017-07-09 18:40:01      No Growbot process, executing
2017-07-09 18:40:01        Process : 


2017-07-09 18:45:01  Sentinel started  18:45:01
2017-07-09 18:45:01    its daytime 
2017-07-09 18:45:01      No Growbot process, executing
2017-07-09 18:45:01        Process : 


2017-07-09 18:50:01  Sentinel started  18:50:01
2017-07-09 18:50:01    its daytime 
2017-07-09 18:50:02      No Growbot process, executing
2017-07-09 18:50:02        Process : 


2017-07-09 18:55:01  Sentinel started  18:55:01
2017-07-09 18:55:01    its daytime 
2017-07-09 18:55:01      No Growbot process, executing
2017-07-09 18:55:01        Process : 


2017-07-09 19:00:01  Sentinel started  19:00:01
2017-07-09 19:00:01    its daytime 
2017-07-09 19:00:01      No Growbot process, executing
2017-07-09 19:00:01        Process : 


2017-07-09 19:05:01  Sentinel started  19:05:01
2017-07-09 19:05:02    its daytime 
2017-07-09 19:05:02      No Growbot process, executing
2017-07-09 19:05:02        Process : 


2017-07-09 19:10:01  Sentinel started  19:10:01
2017-07-09 19:10:01    its daytime 
2017-07-09 19:10:01      No Growbot process, executing
2017-07-09 19:10:01        Process : 


2017-07-09 19:15:01  Sentinel started  19:15:01
2017-07-09 19:15:01    its daytime 
2017-07-09 19:15:01      No Growbot process, executing
2017-07-09 19:15:01        Process : 


2017-07-09 19:20:01  Sentinel started  19:20:01
2017-07-09 19:20:01    its daytime 
2017-07-09 19:20:01      No Growbot process, executing
2017-07-09 19:20:01        Process : 


2017-07-09 19:25:01  Sentinel started  19:25:01
2017-07-09 19:25:01    its daytime 
2017-07-09 19:25:02      No Growbot process, executing
2017-07-09 19:25:02        Process : 


2017-07-09 19:30:01  Sentinel started  19:30:01
2017-07-09 19:30:01    its daytime 
2017-07-09 19:30:01      No Growbot process, executing
2017-07-09 19:30:01        Process : 


2017-07-09 19:35:01  Sentinel started  19:35:01
2017-07-09 19:35:01    its daytime 
2017-07-09 19:35:01      No Growbot process, executing
2017-07-09 19:35:01        Process : 


2017-07-09 19:40:01  Sentinel started  19:40:01
2017-07-09 19:40:01    its daytime 
2017-07-09 19:40:01      No Growbot process, executing
2017-07-09 19:40:01        Process : 


2017-07-09 19:45:01  Sentinel started  19:45:01
2017-07-09 19:45:01    its daytime 
2017-07-09 19:45:01      No Growbot process, executing
2017-07-09 19:45:01        Process : 


2017-07-09 19:50:02  Sentinel started  19:50:02
2017-07-09 19:50:02    its daytime 
2017-07-09 19:50:02      No Growbot process, executing
2017-07-09 19:50:02        Process : 


2017-07-09 19:55:01  Sentinel started  19:55:01
2017-07-09 19:55:01    its daytime 
2017-07-09 19:55:01      No Growbot process, executing
2017-07-09 19:55:01        Process : 


2017-07-09 20:00:01  Sentinel started  20:00:01
2017-07-09 20:00:01    its nightime 


2017-07-09 19:17:06  Sentinel started  19:17:06
2017-07-09 19:17:06    its daytime 
2017-07-09 19:17:06      No Growbot process, executing
2017-07-09 19:17:07        Process : 


2017-07-09 20:10:01  Sentinel started  20:10:01
2017-07-09 20:10:01    its nightime 


2017-07-09 20:15:01  Sentinel started  20:15:01
2017-07-09 20:15:01    its nightime 


2017-07-09 20:20:01  Sentinel started  20:20:01
2017-07-09 20:20:01    its nightime 


2017-07-09 20:25:01  Sentinel started  20:25:01
2017-07-09 20:25:01    its nightime 


2017-07-09 20:30:01  Sentinel started  20:30:01
2017-07-09 20:30:01    its nightime 


2017-07-09 20:17:05  Sentinel started  20:17:05
2017-07-09 20:17:05    its nightime 


2017-07-09 20:17:04  Sentinel started  20:17:04
2017-07-09 20:17:04    its nightime 
                                                                                       

2017-07-09 20:17:05  Sentinel started  20:17:05
2017-07-09 20:17:05    its nightime 


2017-07-09 20:17:05  Sentinel started  20:17:05
2017-07-09 20:17:05    its nightime 


2017-07-09 20:17:06  Sentinel started  20:17:06
2017-07-09 20:17:06    its nightime 


2017-07-10 16:45:01  Sentinel started  16:45:01
2017-07-10 16:45:01    its daytime 
2017-07-10 16:45:02      No Growbot process, executing
2017-07-10 16:45:02        Process : 


2017-07-10 16:50:01  Sentinel started  16:50:01
2017-07-10 16:50:01    its daytime 
2017-07-10 16:50:01      No Growbot process, executing
2017-07-10 16:50:01        Process : 


2017-07-10 16:55:01  Sentinel started  16:55:01
2017-07-10 16:55:01    its daytime 
2017-07-10 16:55:01      No Growbot process, executing
2017-07-10 16:55:01        Process : 


2017-07-09 20:17:05  Sentinel started  20:17:05
2017-07-09 20:17:05    its nightime 


2017-07-09 20:17:04  Sentinel started  20:17:04
2017-07-09 20:17:05    its nightime 


2017-07-10 17:05:50  Sentinel started  17:05:50
2017-07-10 17:05:50    its daytime 
2017-07-10 17:05:50      No Growbot process, executing
2017-07-10 17:05:50        Process : 


2017-07-09 20:17:04  Sentinel started  20:17:04
2017-07-09 20:17:05    its nightime 


2017-07-10 17:10:07  Sentinel started  17:10:07
2017-07-10 17:10:07    its daytime 
2017-07-10 17:10:07      No Growbot process, executing
2017-07-10 17:10:08        Process : 


2017-07-10 17:12:16  Sentinel started  17:12:16
2017-07-10 17:12:16    its daytime 
2017-07-10 17:12:16      No Growbot process, executing
2017-07-10 17:12:16        Process : 


2017-07-10 17:12:16  Sentinel started  17:12:16
2017-07-10 17:12:16    its daytime 
2017-07-10 17:12:16      No Growbot process, executing
2017-07-10 17:12:16        Process : 


2017-07-10 17:15:07  Sentinel started  17:15:07
2017-07-10 17:15:07    its daytime 
2017-07-10 17:15:07      No Growbot process, executing
2017-07-10 17:15:07        Process : 


2017-07-10 17:17:05  Sentinel started  17:17:05
2017-07-10 17:17:05    its daytime 
2017-07-10 17:17:05      No Growbot process, executing
2017-07-10 17:17:06        Process : 


2017-07-12 17:10:57  Sentinel started  17:10:57
2017-07-12 17:10:57    its daytime 
2017-07-12 17:10:57      No Growbot process, executing
2017-07-12 17:10:57        Process : 


2017-07-10 17:17:05  Sentinel started  17:17:05
2017-07-10 17:17:06    its daytime 
2017-07-10 17:17:06      No Growbot process, executing
2017-07-10 17:17:06        Process : 


2017-07-12 17:20:01  Sentinel started  17:20:01
2017-07-12 17:20:01    its daytime 
2017-07-12 17:20:01      No Growbot process, executing
2017-07-12 17:20:01        Process : 


2017-07-12 17:25:01  Sentinel started  17:25:01
2017-07-12 17:25:01    its daytime 
2017-07-12 17:25:01      No Growbot process, executing
2017-07-12 17:25:01        Process : 


2017-07-12 17:30:02  Sentinel started  17:30:02
2017-07-12 17:30:02    its daytime 
2017-07-12 17:30:02      No Growbot process, executing
2017-07-12 17:30:02        Process : 


2017-07-12 17:35:01  Sentinel started  17:35:01
2017-07-12 17:35:01    its daytime 
2017-07-12 17:35:01      No Growbot process, executing
2017-07-12 17:35:01        Process : 
 

2017-07-12 17:17:04  Sentinel started  17:17:04
2017-07-12 17:17:04    its daytime 
2017-07-12 17:17:04      No Growbot process, executing
2017-07-12 17:17:04        Process : 


2017-07-14 15:00:01  Sentinel started  15:00:01
2017-07-14 15:00:01    its daytime 
2017-07-14 15:00:01      Growbot process 1204 is running, sentinel going to sleep


2017-07-12 17:17:04  Sentinel started  17:17:04
2017-07-12 17:17:04    its daytime 
2017-07-12 17:17:04      No Growbot process, executing
2017-07-12 17:17:04        Process : 


2017-07-12 17:17:04  Sentinel started  17:17:04
2017-07-12 17:17:04    its daytime 
2017-07-12 17:17:04      No Growbot process, executing
2017-07-12 17:17:04        Process : 


2017-07-14 15:10:01  Sentinel started  15:10:01
2017-07-14 15:10:01    its daytime 
2017-07-14 15:10:01      No Growbot process, executing
2017-07-14 15:10:01        Process : 


2017-07-14 15:15:01  Sentinel started  15:15:01
2017-07-14 15:15:01    its daytime 
2017-07-14 15:15:01      No Growbot process, executing
2017-07-14 15:15:01        Process : 


2017-07-14 15:20:02  Sentinel started  15:20:02
2017-07-14 15:20:02    its daytime 
2017-07-14 15:20:02      No Growbot process, executing
2017-07-14 15:20:02        Process : 


2017-07-14 15:17:04  Sentinel started  15:17:04
2017-07-14 15:17:04    its daytime 
2017-07-14 15:17:04      No Growbot process, executing
2017-07-14 15:17:04        Process : 


2017-07-14 15:21:55  Sentinel started  15:21:55
2017-07-14 15:21:55    its daytime 
2017-07-14 15:21:55      No Growbot process, executing
2017-07-14 15:21:55        Process : 


2017-07-14 15:25:01  Sentinel started  15:25:01
2017-07-14 15:25:01    its daytime 
2017-07-14 15:25:01      No Growbot process, executing
2017-07-14 15:25:01        Process : 


2017-07-14 15:17:04  Sentinel started  15:17:04
2017-07-14 15:17:04    its daytime 
2017-07-14 15:17:04      No Growbot process, executing
2017-07-14 15:17:04        Process : 


2017-07-14 15:45:02  Sentinel started  15:45:02
2017-07-14 15:45:02    its daytime 
2017-07-14 15:45:02      No Growbot process, executing
2017-07-14 15:45:02        Process : 


2017-07-14 15:50:01  Sentinel started  15:50:01
2017-07-14 15:50:01    its daytime 
2017-07-14 15:50:01      No Growbot process, executing
2017-07-14 15:50:01        Process : 


2017-07-14 15:55:01  Sentinel started  15:55:01
2017-07-14 15:55:01    its daytime 
2017-07-14 15:55:01      No Growbot process, executing
2017-07-14 15:55:01        Process : 


2017-07-14 16:00:01  Sentinel started  16:00:01
2017-07-14 16:00:01    its daytime 
2017-07-14 16:00:01      No Growbot process, executing
2017-07-14 16:00:01        Process : 


2017-07-14 16:05:01  Sentinel started  16:05:01
2017-07-14 16:05:01    its daytime 
2017-07-14 16:05:01      No Growbot process, executing
2017-07-14 16:05:01        Process : 


2017-07-14 16:10:01  Sentinel started  16:10:01
2017-07-14 16:10:01    its daytime 
2017-07-14 16:10:02      No Growbot process, executing
2017-07-14 16:10:02        Process : 


2017-07-14 16:15:01  Sentinel started  16:15:01
2017-07-14 16:15:01    its daytime 
2017-07-14 16:15:01      No Growbot process, executing
2017-07-14 16:15:01        Process : 


2017-07-14 16:20:01  Sentinel started  16:20:01
2017-07-14 16:20:01    its daytime 
2017-07-14 16:20:01      No Growbot process, executing
2017-07-14 16:20:01        Process : 


2017-07-14 16:25:01  Sentinel started  16:25:01
2017-07-14 16:25:01    its daytime 
2017-07-14 16:25:02      No Growbot process, executing
2017-07-14 16:25:02        Process : 


2017-07-14 16:30:01  Sentinel started  16:30:01
2017-07-14 16:30:01    its daytime 
2017-07-14 16:30:01      No Growbot process, executing
2017-07-14 16:30:01        Process : 


2017-07-14 16:35:01  Sentinel started  16:35:01
2017-07-14 16:35:01    its daytime 
2017-07-14 16:35:01      No Growbot process, executing
2017-07-14 16:35:01        Process : 


2017-07-14 16:38:04  Sentinel started  16:38:04
2017-07-14 16:38:04    its daytime 
2017-07-14 16:38:04      No Growbot process, executing
2017-07-14 16:38:04        Process : 


2017-07-14 16:40:01  Sentinel started  16:40:01
2017-07-14 16:40:01    its daytime 
2017-07-14 16:40:01      No Growbot process, executing
2017-07-14 16:40:01        Process : 


2017-07-14 16:45:01  Sentinel started  16:45:01
2017-07-14 16:45:01    its daytime 
2017-07-14 16:45:01      Growbot process 1291 is running, sentinel going to sleep


2017-07-14 16:50:01  Sentinel started  16:50:01
2017-07-14 16:50:01    its daytime 
2017-07-14 16:50:01      No Growbot process, executing
2017-07-14 16:50:01        Process : 


2017-07-14 16:55:01  Sentinel started  16:55:01
2017-07-14 16:55:01    its daytime 
2017-07-14 16:55:01      No Growbot process, executing
2017-07-14 16:55:02        Process : 


2017-07-14 17:00:01  Sentinel started  17:00:01
2017-07-14 17:00:01    its daytime 
2017-07-14 17:00:01      No Growbot process, executing
2017-07-14 17:00:01        Process : 


2017-07-14 17:05:01  Sentinel started  17:05:01
2017-07-14 17:05:01    its daytime 
2017-07-14 17:05:01      No Growbot process, executing
2017-07-14 17:05:01        Process : 


2017-07-14 17:10:01  Sentinel started  17:10:01
2017-07-14 17:10:01    its daytime 
2017-07-14 17:10:01      No Growbot process, executing
2017-07-14 17:10:02        Process : 


2017-07-14 17:15:01  Sentinel started  17:15:01
2017-07-14 17:15:01    its daytime 
2017-07-14 17:15:01      No Growbot process, executing
2017-07-14 17:15:01        Process : 


2017-07-14 17:20:01  Sentinel started  17:20:01
2017-07-14 17:20:01    its daytime 
2017-07-14 17:20:01      No Growbot process, executing
2017-07-14 17:20:01        Process : 


2017-07-14 17:25:01  Sentinel started  17:25:01
2017-07-14 17:25:01    its daytime 
2017-07-14 17:25:01      No Growbot process, executing
2017-07-14 17:25:01        Process : 


2017-07-14 17:30:01  Sentinel started  17:30:01
2017-07-14 17:30:02    its daytime 
2017-07-14 17:30:02      No Growbot process, executing
2017-07-14 17:30:02        Process : 


2017-07-14 17:35:01  Sentinel started  17:35:01
2017-07-14 17:35:01    its daytime 
2017-07-14 17:35:01      No Growbot process, executing
2017-07-14 17:35:01        Process : 


2017-07-14 17:40:01  Sentinel started  17:40:01
2017-07-14 17:40:01    its daytime 
2017-07-14 17:40:01      No Growbot process, executing
2017-07-14 17:40:01        Process : 


2017-07-14 17:45:02  Sentinel started  17:45:02
2017-07-14 17:45:02    its daytime 
2017-07-14 17:45:02      No Growbot process, executing
2017-07-14 17:45:02        Process : 


2017-07-14 17:50:01  Sentinel started  17:50:01
2017-07-14 17:50:01    its daytime 
2017-07-14 17:50:01      No Growbot process, executing
2017-07-14 17:50:01        Process : 


2017-07-14 17:55:01  Sentinel started  17:55:01
2017-07-14 17:55:01    its daytime 
2017-07-14 17:55:01      No Growbot process, executing
2017-07-14 17:55:01        Process : 


2017-07-14 18:00:01  Sentinel started  18:00:01
2017-07-14 18:00:01    its daytime 
2017-07-14 18:00:01      No Growbot process, executing
2017-07-14 18:00:01        Process : 


2017-07-14 18:05:02  Sentinel started  18:05:02
2017-07-14 18:05:02    its daytime 
2017-07-14 18:05:02      No Growbot process, executing
2017-07-14 18:05:02        Process : 


2017-07-14 18:10:01  Sentinel started  18:10:01
2017-07-14 18:10:01    its daytime 
2017-07-14 18:10:01      No Growbot process, executing
2017-07-14 18:10:01        Process : 


2017-07-14 18:15:01  Sentinel started  18:15:01
2017-07-14 18:15:01    its daytime 
2017-07-14 18:15:01      No Growbot process, executing
2017-07-14 18:15:02        Process : 


2017-07-14 18:20:01  Sentinel started  18:20:01
2017-07-14 18:20:01    its daytime 
2017-07-14 18:20:01      No Growbot process, executing
2017-07-14 18:20:01        Process : 


2017-07-14 18:25:01  Sentinel started  18:25:01
2017-07-14 18:25:01    its daytime 
2017-07-14 18:25:01      Growbot process 2409 is running, sentinel going to sleep


2017-07-14 18:30:01  Sentinel started  18:30:01
2017-07-14 18:30:01    its daytime 
2017-07-14 18:30:01      No Growbot process, executing
2017-07-14 18:30:01        Process : 


2017-07-14 18:35:01  Sentinel started  18:35:01
2017-07-14 18:35:02    its daytime 
2017-07-14 18:35:02      No Growbot process, executing
2017-07-14 18:35:02        Process : 


2017-07-14 18:40:01  Sentinel started  18:40:01
2017-07-14 18:40:01    its daytime 
2017-07-14 18:40:01      No Growbot process, executing
2017-07-14 18:40:01        Process : 


2017-07-14 18:45:01  Sentinel started  18:45:01
2017-07-14 18:45:01    its daytime 
2017-07-14 18:45:01      No Growbot process, executing
2017-07-14 18:45:01        Process : 


2017-07-14 18:50:01  Sentinel started  18:50:01
2017-07-14 18:50:02    its daytime 
2017-07-14 18:50:02      No Growbot process, executing
2017-07-14 18:50:02        Process : 


2017-07-14 18:55:01  Sentinel started  18:55:01
2017-07-14 18:55:01    its daytime 
2017-07-14 18:55:01      No Growbot process, executing
2017-07-14 18:55:01        Process : 


2017-07-14 19:00:01  Sentinel started  19:00:01
2017-07-14 19:00:01    its daytime 
2017-07-14 19:00:01      No Growbot process, executing
2017-07-14 19:00:01        Process : 


2017-07-14 19:05:01  Sentinel started  19:05:01
2017-07-14 19:05:01    its daytime 
2017-07-14 19:05:01      No Growbot process, executing
2017-07-14 19:05:01        Process : 


2017-07-14 19:10:01  Sentinel started  19:10:01
2017-07-14 19:10:01    its daytime 
2017-07-14 19:10:01      No Growbot process, executing
2017-07-14 19:10:01        Process : 


2017-07-14 19:15:01  Sentinel started  19:15:01
2017-07-14 19:15:01    its daytime 
2017-07-14 19:15:01      No Growbot process, executing
2017-07-14 19:15:01        Process : 


2017-07-14 19:20:01  Sentinel started  19:20:01
2017-07-14 19:20:01    its daytime 
2017-07-14 19:20:02      No Growbot process, executing
2017-07-14 19:20:02        Process : 


2017-07-14 19:25:01  Sentinel started  19:25:01
2017-07-14 19:25:01    its daytime 
2017-07-14 19:25:01      No Growbot process, executing
2017-07-14 19:25:01        Process : 


2017-07-14 19:30:01  Sentinel started  19:30:01
2017-07-14 19:30:01    its daytime 
2017-07-14 19:30:01      No Growbot process, executing
2017-07-14 19:30:01        Process : 


2017-07-14 19:35:01  Sentinel started  19:35:01
2017-07-14 19:35:01    its daytime 
2017-07-14 19:35:01      No Growbot process, executing
2017-07-14 19:35:01        Process : 


2017-07-14 19:40:01  Sentinel started  19:40:01
2017-07-14 19:40:01    its daytime 
2017-07-14 19:40:01      No Growbot process, executing
2017-07-14 19:40:01        Process : 


2017-07-14 19:45:01  Sentinel started  19:45:01
2017-07-14 19:45:01    its daytime 
2017-07-14 19:45:01      No Growbot process, executing
2017-07-14 19:45:01        Process : 


2017-07-14 19:50:01  Sentinel started  19:50:01
2017-07-14 19:50:01    its daytime 
2017-07-14 19:50:01      No Growbot process, executing
2017-07-14 19:50:02        Process : 


2017-07-14 19:55:01  Sentinel started  19:55:01
2017-07-14 19:55:01    its daytime 
2017-07-14 19:55:01      No Growbot process, executing
2017-07-14 19:55:01        Process : 


2017-07-14 20:00:01  Sentinel started  20:00:01
2017-07-14 20:00:01    its nightime 


2017-07-14 20:05:01  Sentinel started  20:05:01
2017-07-14 20:05:01    its nightime 


2017-07-14 20:10:01  Sentinel started  20:10:01
2017-07-14 20:10:01    its nightime 


2017-07-14 20:15:02  Sentinel started  20:15:02
2017-07-14 20:15:02    its nightime 


2017-07-14 20:20:01  Sentinel started  20:20:01
2017-07-14 20:20:01    its nightime 


2017-07-14 20:25:01  Sentinel started  20:25:01
2017-07-14 20:25:01    its nightime 


2017-07-14 20:30:01  Sentinel started  20:30:01
2017-07-14 20:30:01    its nightime 


2017-07-14 20:35:01  Sentinel started  20:35:01
2017-07-14 20:35:01    its nightime 


2017-07-14 20:40:02  Sentinel started  20:40:02
2017-07-14 20:40:02    its nightime 


2017-07-14 20:45:01  Sentinel started  20:45:01
2017-07-14 20:45:01    its nightime 


2017-07-14 20:50:01  Sentinel started  20:50:01
2017-07-14 20:50:01    its nightime 


2017-07-14 20:55:01  Sentinel started  20:55:01
2017-07-14 20:55:01    its nightime 


2017-07-14 21:00:01  Sentinel started  21:00:01
2017-07-14 21:00:01    its nightime 


2017-07-14 21:05:01  Sentinel started  21:05:01
2017-07-14 21:05:01    its nightime 


2017-07-14 21:10:01  Sentinel started  21:10:01
2017-07-14 21:10:01    its nightime 


2017-07-14 21:15:01  Sentinel started  21:15:01
2017-07-14 21:15:01    its nightime 


2017-07-14 21:16:02  Sentinel started  21:16:02
2017-07-14 21:16:02    its nightime 


2017-07-14 21:20:01  Sentinel started  21:20:01
2017-07-14 21:20:01    its nightime 


2017-07-14 21:25:01  Sentinel started  21:25:01
2017-07-14 21:25:01    its nightime 


2017-07-14 21:30:01  Sentinel started  21:30:01
2017-07-14 21:30:01    its nightime 


2017-07-14 21:35:01  Sentinel started  21:35:01
2017-07-14 21:35:01    its nightime 


2017-07-14 21:40:01  Sentinel started  21:40:01
2017-07-14 21:40:01    its nightime 


2017-07-14 21:45:01  Sentinel started  21:45:01
2017-07-14 21:45:01    its nightime 


2017-07-14 21:50:01  Sentinel started  21:50:01
2017-07-14 21:50:01    its nightime 


2017-07-14 21:55:01  Sentinel started  21:55:01
2017-07-14 21:55:01    its nightime 


2017-07-14 22:00:01  Sentinel started  22:00:01
2017-07-14 22:00:01    its nightime 


2017-07-14 22:05:01  Sentinel started  22:05:01
2017-07-14 22:05:01    its nightime 


2017-07-14 22:10:01  Sentinel started  22:10:01
2017-07-14 22:10:01    its nightime 


2017-07-14 22:15:01  Sentinel started  22:15:01
2017-07-14 22:15:01    its nightime 


2017-07-14 22:20:01  Sentinel started  22:20:01
2017-07-14 22:20:01    its nightime 


2017-07-14 22:25:01  Sentinel started  22:25:01
2017-07-14 22:25:01    its nightime 


2017-07-14 22:30:01  Sentinel started  22:30:01
2017-07-14 22:30:01    its nightime 


2017-07-14 22:35:02  Sentinel started  22:35:02
2017-07-14 22:35:02    its nightime 


2017-07-14 22:40:01  Sentinel started  22:40:01
2017-07-14 22:40:01    its nightime 


2017-07-14 22:45:01  Sentinel started  22:45:01
2017-07-14 22:45:01    its nightime 


2017-07-14 22:50:01  Sentinel started  22:50:01
2017-07-14 22:50:01    its nightime 


2017-07-14 22:55:01  Sentinel started  22:55:01
2017-07-14 22:55:01    its nightime 


2017-07-14 23:00:01  Sentinel started  23:00:01
2017-07-14 23:00:01    its nightime 


2017-07-14 23:05:01  Sentinel started  23:05:01
2017-07-14 23:05:01    its nightime 


2017-07-14 23:10:01  Sentinel started  23:10:01
2017-07-14 23:10:01    its nightime 


2017-07-14 23:15:01  Sentinel started  23:15:01
2017-07-14 23:15:01    its nightime 


2017-07-14 23:20:01  Sentinel started  23:20:01
2017-07-14 23:20:01    its nightime 


2017-07-14 23:25:01  Sentinel started  23:25:01
2017-07-14 23:25:02    its nightime 


2017-07-14 23:30:01  Sentinel started  23:30:01
2017-07-14 23:30:01    its nightime 


2017-07-14 23:35:01  Sentinel started  23:35:01
2017-07-14 23:35:01    its nightime 


2017-07-14 23:40:01  Sentinel started  23:40:01
2017-07-14 23:40:01    its nightime 


2017-07-14 23:45:01  Sentinel started  23:45:01
2017-07-14 23:45:01    its nightime 


2017-07-14 23:50:01  Sentinel started  23:50:01
2017-07-14 23:50:02    its nightime 


2017-07-14 23:55:01  Sentinel started  23:55:01
2017-07-14 23:55:01    its nightime 


2017-07-15 00:00:01  Sentinel started  00:00:01
2017-07-15 00:00:01    its nightime 


2017-07-15 00:05:01  Sentinel started  00:05:01
2017-07-15 00:05:01    its nightime 


2017-07-15 00:10:01  Sentinel started  00:10:01
2017-07-15 00:10:01    its nightime 


2017-07-15 00:15:01  Sentinel started  00:15:01
2017-07-15 00:15:01    its nightime 


2017-07-15 00:20:01  Sentinel started  00:20:01
2017-07-15 00:20:01    its nightime 


2017-07-15 00:25:01  Sentinel started  00:25:01
2017-07-15 00:25:01    its nightime 


2017-07-15 00:30:01  Sentinel started  00:30:01
2017-07-15 00:30:01    its nightime 


2017-07-15 00:35:01  Sentinel started  00:35:01
2017-07-15 00:35:01    its nightime 


2017-07-15 00:40:01  Sentinel started  00:40:01
2017-07-15 00:40:01    its nightime 


2017-07-15 00:45:02  Sentinel started  00:45:01
2017-07-15 00:45:02    its nightime 


2017-07-15 00:50:01  Sentinel started  00:50:01
2017-07-15 00:50:01    its nightime 


2017-07-15 00:55:01  Sentinel started  00:55:01
2017-07-15 00:55:01    its nightime 


2017-07-15 01:00:01  Sentinel started  01:00:01
2017-07-15 01:00:01    its nightime 


2017-07-15 01:05:01  Sentinel started  01:05:01
2017-07-15 01:05:01    its nightime 


2017-07-15 01:10:01  Sentinel started  01:10:01
2017-07-15 01:10:01    its nightime 


2017-07-15 01:15:02  Sentinel started  01:15:02
2017-07-15 01:15:02    its nightime 


2017-07-15 01:20:01  Sentinel started  01:20:01
2017-07-15 01:20:01    its nightime 


2017-07-15 01:25:01  Sentinel started  01:25:01
2017-07-15 01:25:01    its nightime 


2017-07-15 01:30:01  Sentinel started  01:30:01
2017-07-15 01:30:01    its nightime 


2017-07-15 01:35:01  Sentinel started  01:35:01
2017-07-15 01:35:01    its nightime 


2017-07-15 01:40:02  Sentinel started  01:40:01
2017-07-15 01:40:02    its nightime 


2017-07-15 01:45:01  Sentinel started  01:45:01
2017-07-15 01:45:01    its nightime 


2017-07-15 01:50:01  Sentinel started  01:50:01
2017-07-15 01:50:01    its nightime 


2017-07-15 01:55:01  Sentinel started  01:55:01
2017-07-15 01:55:01    its nightime 


2017-07-15 02:00:01  Sentinel started  02:00:01
2017-07-15 02:00:01    its nightime 


2017-07-15 02:05:01  Sentinel started  02:05:01
2017-07-15 02:05:01    its nightime 


2017-07-15 02:10:02  Sentinel started  02:10:02
2017-07-15 02:10:02    its nightime 


2017-07-15 02:15:01  Sentinel started  02:15:01
2017-07-15 02:15:01    its nightime 


2017-07-15 02:20:01  Sentinel started  02:20:01
2017-07-15 02:20:01    its nightime 


2017-07-15 02:25:01  Sentinel started  02:25:01
2017-07-15 02:25:01    its nightime 


2017-07-15 02:30:01  Sentinel started  02:30:01
2017-07-15 02:30:01    its nightime 


2017-07-15 02:35:01  Sentinel started  02:35:01
2017-07-15 02:35:01    its nightime 


2017-07-15 02:40:01  Sentinel started  02:40:01
2017-07-15 02:40:01    its nightime 


2017-07-15 02:45:01  Sentinel started  02:45:01
2017-07-15 02:45:01    its nightime 


2017-07-15 02:50:01  Sentinel started  02:50:01
2017-07-15 02:50:01    its nightime 


2017-07-15 02:55:01  Sentinel started  02:55:01
2017-07-15 02:55:01    its nightime 


2017-07-15 03:00:01  Sentinel started  03:00:01
2017-07-15 03:00:01    its nightime 


2017-07-15 03:05:01  Sentinel started  03:05:01
2017-07-15 03:05:01    its nightime 


2017-07-15 03:10:01  Sentinel started  03:10:01
2017-07-15 03:10:01    its nightime 


2017-07-15 03:15:01  Sentinel started  03:15:01
2017-07-15 03:15:01    its nightime 


2017-07-15 03:20:01  Sentinel started  03:20:01
2017-07-15 03:20:01    its nightime 


2017-07-15 03:25:01  Sentinel started  03:25:01
2017-07-15 03:25:01    its nightime 


2017-07-15 03:30:01  Sentinel started  03:30:01
2017-07-15 03:30:01    its nightime 


2017-07-15 03:35:01  Sentinel started  03:35:01
2017-07-15 03:35:01    its nightime 


2017-07-15 03:40:01  Sentinel started  03:40:01
2017-07-15 03:40:01    its nightime 


2017-07-15 03:45:01  Sentinel started  03:45:01
2017-07-15 03:45:01    its nightime 


2017-07-15 03:50:01  Sentinel started  03:50:01
2017-07-15 03:50:01    its nightime 


2017-07-15 03:55:01  Sentinel started  03:55:01
2017-07-15 03:55:01    its nightime 


2017-07-15 04:00:01  Sentinel started  04:00:01
2017-07-15 04:00:01    its nightime 


2017-07-15 04:05:01  Sentinel started  04:05:01
2017-07-15 04:05:02    its nightime 


2017-07-15 04:10:01  Sentinel started  04:10:01
2017-07-15 04:10:01    its nightime 


2017-07-15 04:15:01  Sentinel started  04:15:01
2017-07-15 04:15:01    its nightime 


2017-07-15 04:20:01  Sentinel started  04:20:01
2017-07-15 04:20:01    its nightime 


2017-07-15 04:25:01  Sentinel started  04:25:01
2017-07-15 04:25:01    its nightime 


2017-07-15 04:30:01  Sentinel started  04:30:01
2017-07-15 04:30:02    its nightime 


2017-07-15 04:35:01  Sentinel started  04:35:01
2017-07-15 04:35:01    its nightime 


2017-07-15 04:40:01  Sentinel started  04:40:01
2017-07-15 04:40:01    its nightime 


2017-07-15 04:45:01  Sentinel started  04:45:01
2017-07-15 04:45:01    its nightime 


2017-07-15 04:50:01  Sentinel started  04:50:01
2017-07-15 04:50:01    its nightime 


2017-07-15 04:55:01  Sentinel started  04:55:01
2017-07-15 04:55:01    its nightime 


2017-07-15 05:00:02  Sentinel started  05:00:02
2017-07-15 05:00:02    its nightime 


2017-07-15 05:05:01  Sentinel started  05:05:01
2017-07-15 05:05:01    its nightime 


2017-07-15 05:10:01  Sentinel started  05:10:01
2017-07-15 05:10:01    its nightime 


2017-07-15 05:15:01  Sentinel started  05:15:01
2017-07-15 05:15:01    its nightime 


2017-07-15 05:20:01  Sentinel started  05:20:01
2017-07-15 05:20:01    its nightime 


2017-07-15 05:25:02  Sentinel started  05:25:02
2017-07-15 05:25:02    its nightime 


2017-07-15 05:30:01  Sentinel started  05:30:01
2017-07-15 05:30:01    its nightime 


2017-07-15 05:35:01  Sentinel started  05:35:01
2017-07-15 05:35:01    its nightime 


2017-07-15 05:40:01  Sentinel started  05:40:01
2017-07-15 05:40:01    its nightime 


2017-07-15 05:45:01  Sentinel started  05:45:01
2017-07-15 05:45:01    its nightime 


2017-07-15 05:50:01  Sentinel started  05:50:01
2017-07-15 05:50:02    its nightime 


2017-07-15 05:55:01  Sentinel started  05:55:01
2017-07-15 05:55:01    its nightime 


2017-07-15 06:00:01  Sentinel started  06:00:01
2017-07-15 06:00:01    its nightime 


2017-07-15 06:05:01  Sentinel started  06:05:01
2017-07-15 06:05:01    its nightime 


2017-07-15 06:10:01  Sentinel started  06:10:01
2017-07-15 06:10:01    its nightime 


2017-07-15 06:15:01  Sentinel started  06:15:01
2017-07-15 06:15:02    its nightime 


2017-07-15 06:20:01  Sentinel started  06:20:01
2017-07-15 06:20:01    its nightime 


2017-07-15 06:25:01  Sentinel started  06:25:01
2017-07-15 06:25:01    its nightime 


2017-07-15 06:30:01  Sentinel started  06:30:01
2017-07-15 06:30:01    its nightime 


2017-07-15 06:35:02  Sentinel started  06:35:01
2017-07-15 06:35:02    its nightime 


2017-07-15 06:40:01  Sentinel started  06:40:01
2017-07-15 06:40:01    its nightime 


2017-07-15 06:45:01  Sentinel started  06:45:01
2017-07-15 06:45:01    its nightime 


2017-07-15 06:50:01  Sentinel started  06:50:01
2017-07-15 06:50:01    its nightime 


2017-07-15 06:55:01  Sentinel started  06:55:01
2017-07-15 06:55:01    its nightime 


2017-07-15 07:00:01  Sentinel started  07:00:01
2017-07-15 07:00:01    its nightime 


2017-07-15 07:05:02  Sentinel started  07:05:02
2017-07-15 07:05:02    its nightime 


2017-07-15 07:10:01  Sentinel started  07:10:01
2017-07-15 07:10:01    its nightime 


2017-07-15 07:15:01  Sentinel started  07:15:01
2017-07-15 07:15:01    its nightime 


2017-07-15 07:20:01  Sentinel started  07:20:01
2017-07-15 07:20:01    its nightime 


2017-07-15 07:25:01  Sentinel started  07:25:01
2017-07-15 07:25:01    its nightime 


2017-07-15 07:30:02  Sentinel started  07:30:02
2017-07-15 07:30:02    its nightime 


2017-07-15 07:35:01  Sentinel started  07:35:01
2017-07-15 07:35:01    its nightime 


2017-07-15 07:40:01  Sentinel started  07:40:01
2017-07-15 07:40:01    its nightime 


2017-07-15 07:45:01  Sentinel started  07:45:01
2017-07-15 07:45:01    its nightime 


2017-07-15 07:50:01  Sentinel started  07:50:01
2017-07-15 07:50:01    its nightime 


2017-07-15 07:55:01  Sentinel started  07:55:01
2017-07-15 07:55:01    its nightime 


2017-07-15 08:00:02  Sentinel started  08:00:02
2017-07-15 08:00:02    its daytime 
2017-07-15 08:00:02      No Growbot process, executing
2017-07-15 08:00:02        Process : 


2017-07-15 08:05:01  Sentinel started  08:05:01
2017-07-15 08:05:01    its daytime 
2017-07-15 08:05:01      No Growbot process, executing
2017-07-15 08:05:01        Process : 


2017-07-15 08:10:01  Sentinel started  08:10:01
2017-07-15 08:10:01    its daytime 
2017-07-15 08:10:01      No Growbot process, executing
2017-07-15 08:10:01        Process : 


2017-07-15 08:15:01  Sentinel started  08:15:01
2017-07-15 08:15:01    its daytime 
2017-07-15 08:15:01      No Growbot process, executing
2017-07-15 08:15:01        Process : 


2017-07-15 08:20:01  Sentinel started  08:20:01
2017-07-15 08:20:01    its daytime 
2017-07-15 08:20:01      No Growbot process, executing
2017-07-15 08:20:01        Process : 


2017-07-15 08:25:01  Sentinel started  08:25:01
2017-07-15 08:25:01    its daytime 
2017-07-15 08:25:01      No Growbot process, executing
2017-07-15 08:25:01        Process : 


2017-07-15 08:30:01  Sentinel started  08:30:01
2017-07-15 08:30:01    its daytime 
2017-07-15 08:30:02      No Growbot process, executing
2017-07-15 08:30:02        Process : 


2017-07-15 08:35:01  Sentinel started  08:35:01
2017-07-15 08:35:01    its daytime 
2017-07-15 08:35:01      No Growbot process, executing
2017-07-15 08:35:01        Process : 


2017-07-15 08:40:01  Sentinel started  08:40:01
2017-07-15 08:40:01    its daytime 
2017-07-15 08:40:01      No Growbot process, executing
2017-07-15 08:40:01        Process : 


2017-07-15 08:45:01  Sentinel started  08:45:01
2017-07-15 08:45:01    its daytime 
2017-07-15 08:45:02      No Growbot process, executing
2017-07-15 08:45:02        Process : 


2017-07-15 08:50:01  Sentinel started  08:50:01
2017-07-15 08:50:01    its daytime 
2017-07-15 08:50:01      No Growbot process, executing
2017-07-15 08:50:01        Process : 


2017-07-15 08:51:37  Sentinel started  08:51:37
2017-07-15 08:51:37    its daytime 
2017-07-15 08:51:37      No Growbot process, executing
2017-07-15 08:51:37        Process : 


2017-07-15 08:55:01  Sentinel started  08:55:01
2017-07-15 08:55:01    its daytime 
2017-07-15 08:55:01      No Growbot process, executing
2017-07-15 08:55:01        Process : 


2017-07-15 09:00:02  Sentinel started  09:00:02
2017-07-15 09:00:02    its daytime 
2017-07-15 09:00:02      No Growbot process, executing
2017-07-15 09:00:02        Process : 


2017-07-15 09:05:01  Sentinel started  09:05:01
2017-07-15 09:05:01    its daytime 
2017-07-15 09:05:01      No Growbot process, executing
2017-07-15 09:05:01        Process : 


2017-07-15 09:10:01  Sentinel started  09:10:01
2017-07-15 09:10:01    its daytime 
2017-07-15 09:10:01      No Growbot process, executing
2017-07-15 09:10:01        Process : 


2017-07-15 09:15:01  Sentinel started  09:15:01
2017-07-15 09:15:01    its daytime 
2017-07-15 09:15:01      No Growbot process, executing
2017-07-15 09:15:01        Process : 


2017-07-15 09:20:01  Sentinel started  09:20:01
2017-07-15 09:20:01    its daytime 
2017-07-15 09:20:01      No Growbot process, executing
2017-07-15 09:20:01        Process : 


2017-07-15 09:25:01  Sentinel started  09:25:01
2017-07-15 09:25:01    its daytime 
2017-07-15 09:25:01      No Growbot process, executing
2017-07-15 09:25:01        Process : 


2017-07-15 09:30:01  Sentinel started  09:30:01
2017-07-15 09:30:01    its daytime 
2017-07-15 09:30:01      No Growbot process, executing
2017-07-15 09:30:01        Process : 


2017-07-15 09:35:01  Sentinel started  09:35:01
2017-07-15 09:35:01    its daytime 
2017-07-15 09:35:01      No Growbot process, executing
2017-07-15 09:35:01        Process : 


2017-07-15 09:40:01  Sentinel started  09:40:01
2017-07-15 09:40:01    its daytime 
2017-07-15 09:40:01      No Growbot process, executing
2017-07-15 09:40:01        Process : 


2017-07-15 09:45:01  Sentinel started  09:45:01
2017-07-15 09:45:01    its daytime 
2017-07-15 09:45:01      No Growbot process, executing
2017-07-15 09:45:01        Process : 


2017-07-15 09:50:01  Sentinel started  09:50:01
2017-07-15 09:50:01    its daytime 
2017-07-15 09:50:01      No Growbot process, executing
2017-07-15 09:50:01        Process : 


2017-07-15 09:55:01  Sentinel started  09:55:01
2017-07-15 09:55:02    its daytime 
2017-07-15 09:55:02      No Growbot process, executing
2017-07-15 09:55:02        Process : 


2017-07-15 10:00:01  Sentinel started  10:00:01
2017-07-15 10:00:01    its daytime 
2017-07-15 10:00:01      No Growbot process, executing
2017-07-15 10:00:01        Process : 


2017-07-15 10:05:01  Sentinel started  10:05:01
2017-07-15 10:05:01    its daytime 
2017-07-15 10:05:01      No Growbot process, executing
2017-07-15 10:05:01        Process : 


2017-07-15 09:17:04  Sentinel started  09:17:04
2017-07-15 09:17:04    its daytime 
2017-07-15 09:17:04      No Growbot process, executing
2017-07-15 09:17:04        Process : 


2017-07-15 10:10:01  Sentinel started  10:10:01
2017-07-15 10:10:01    its daytime 
2017-07-15 10:10:01      No Growbot process, executing
2017-07-15 10:10:01        Process : 


2017-07-15 10:15:01  Sentinel started  10:15:01
2017-07-15 10:15:01    its daytime 
2017-07-15 10:15:01      No Growbot process, executing
2017-07-15 10:15:01        Process : 


2017-07-15 10:20:01  Sentinel started  10:20:01
2017-07-15 10:20:01    its daytime 
2017-07-15 10:20:01      Growbot process is running, sentinel going to sleep


2017-07-15 10:25:01  Sentinel started  10:25:01
2017-07-15 10:25:01    its daytime 
2017-07-15 10:25:01      Growbot process is running, sentinel going to sleep


2017-07-15 10:30:01  Sentinel started  10:30:01
2017-07-15 10:30:01    its daytime 
2017-07-15 10:30:01      Growbot process is running, sentinel going to sleep


2017-07-15 10:35:01  Sentinel started  10:35:01


2017-07-15 10:40:01  Sentinel started  10:40:01


2017-07-15 10:45:01  Sentinel started  10:45:01
